<?xml version="1.0" encoding="UTF-8" ?>
<testsuite errors="1" failures="0" hostname="epbyminw2033t3.minsk.epam.com" name="com.test.Project" skipped="0" tests="1" time="0.0" timestamp="2017-02-22T10:39:10">
  <properties>
    <property name="ant.project.invoked-targets" value="test" />
    <property name="java.runtime.name" value="Java(TM) SE Runtime Environment" />
    <property name="sun.boot.library.path" value="/usr/java/jdk1.8.0_121/jre/lib/amd64" />
    <property name="java.vm.version" value="25.121-b13" />
    <property name="lib-dir" value="/home/egor/for_git/jenkins_ant/mtn-projects/module3/ant-task/lib" />
    <property name="ant.library.dir" value="/opt/ant/lib" />
    <property name="ant.version" value="Apache Ant(TM) version 1.10.1 compiled on February 2 2017" />
    <property name="ant.java.version" value="1.8" />
    <property name="java.vm.vendor" value="Oracle Corporation" />
    <property name="java.vendor.url" value="http://java.oracle.com/" />
    <property name="path.separator" value=":" />
    <property name="dist" value="/home/egor/for_git/jenkins_ant/mtn-projects/dist" />
    <property name="ant.file.Project" value="/home/egor/for_git/jenkins_ant/mtn-projects/build.xml" />
    <property name="java.vm.name" value="Java HotSpot(TM) 64-Bit Server VM" />
    <property name="file.encoding.pkg" value="sun.io" />
    <property name="user.country" value="US" />
    <property name="sun.java.launcher" value="SUN_STANDARD" />
    <property name="sun.os.patch.level" value="unknown" />
    <property name="java.vm.specification.name" value="Java Virtual Machine Specification" />
    <property name="user.dir" value="/home/egor/for_git/jenkins_ant/mtn-projects" />
    <property name="java.runtime.version" value="1.8.0_121-b13" />
    <property name="java.awt.graphicsenv" value="sun.awt.X11GraphicsEnvironment" />
    <property name="basedir" value="/home/egor/for_git/jenkins_ant/mtn-projects" />
    <property name="java.endorsed.dirs" value="/usr/java/jdk1.8.0_121/jre/lib/endorsed" />
    <property name="os.arch" value="amd64" />
    <property name="ant.project.default-target" value="dist" />
    <property name="java.io.tmpdir" value="/tmp" />
    <property name="ant.core.lib" value="/opt/ant/lib/ant.jar" />
    <property name="line.separator" value="&#xa;" />
    <property name="java.vm.specification.vendor" value="Oracle Corporation" />
    <property name="os.name" value="Linux" />
    <property name="ant.home" value="/opt/ant" />
    <property name="ant.project.name" value="Project" />
    <property name="sun.jnu.encoding" value="UTF-8" />
    <property name="java.library.path" value="/usr/java/packages/lib/amd64:/usr/lib64:/lib64:/lib:/usr/lib" />
    <property name="src" value="/home/egor/for_git/jenkins_ant/mtn-projects/module3/ant-task/src" />
    <property name="java.class.version" value="52.0" />
    <property name="java.specification.name" value="Java Platform API Specification" />
    <property name="sun.management.compiler" value="HotSpot 64-Bit Tiered Compilers" />
    <property name="os.version" value="3.10.0-514.6.1.el7.x86_64" />
    <property name="ant.file" value="/home/egor/for_git/jenkins_ant/mtn-projects/build.xml" />
    <property name="user.home" value="/home/egor" />
    <property name="user.timezone" value="" />
    <property name="java.awt.printerjob" value="sun.print.PSPrinterJob" />
    <property name="java.specification.version" value="1.8" />
    <property name="file.encoding" value="UTF-8" />
    <property name="user.name" value="egor" />
    <property name="java.class.path" value="/home/egor/for_git/jenkins_ant/mtn-projects/module3/ant-task/lib/junit-4.11.jar:/home/egor/for_git/jenkins_ant/mtn-projects/module3/ant-task:/opt/ant/lib/ant-launcher.jar:/opt/ant/lib/ant.jar:/opt/ant/lib/ant-junit.jar:/opt/ant/lib/ant-junit4.jar" />
    <property name="ant.file.type.Project" value="file" />
    <property name="java.vm.specification.version" value="1.8" />
    <property name="sun.java.command" value="org.apache.tools.ant.taskdefs.optional.junit.JUnitTestRunner com.test.Project skipNonTests=false filtertrace=true haltOnError=false haltOnFailure=false showoutput=true outputtoformatters=true logfailedtests=true threadid=0 logtestlistenerevents=false formatter=org.apache.tools.ant.taskdefs.optional.junit.PlainJUnitResultFormatter,/home/egor/for_git/jenkins_ant/mtn-projects/report/TEST-com.test.Project.txt formatter=org.apache.tools.ant.taskdefs.optional.junit.XMLJUnitResultFormatter,/home/egor/for_git/jenkins_ant/mtn-projects/report/TEST-com.test.Project.xml crashfile=/home/egor/for_git/jenkins_ant/mtn-projects/junitvmwatcher7803083195450498816.properties propsfile=/home/egor/for_git/jenkins_ant/mtn-projects/junit6345711951876678349.properties" />
    <property name="sun.arch.data.model" value="64" />
    <property name="java.home" value="/usr/java/jdk1.8.0_121/jre" />
    <property name="java.specification.vendor" value="Oracle Corporation" />
    <property name="user.language" value="en" />
    <property name="build" value="/home/egor/for_git/jenkins_ant/mtn-projects/build" />
    <property name="awt.toolkit" value="sun.awt.X11.XToolkit" />
    <property name="java.vm.info" value="mixed mode" />
    <property name="java.version" value="1.8.0_121" />
    <property name="java.ext.dirs" value="/usr/java/jdk1.8.0_121/jre/lib/ext:/usr/java/packages/lib/ext" />
    <property name="sun.boot.class.path" value="/usr/java/jdk1.8.0_121/jre/lib/resources.jar:/usr/java/jdk1.8.0_121/jre/lib/rt.jar:/usr/java/jdk1.8.0_121/jre/lib/sunrsasign.jar:/usr/java/jdk1.8.0_121/jre/lib/jsse.jar:/usr/java/jdk1.8.0_121/jre/lib/jce.jar:/usr/java/jdk1.8.0_121/jre/lib/charsets.jar:/usr/java/jdk1.8.0_121/jre/lib/jfr.jar:/usr/java/jdk1.8.0_121/jre/classes" />
    <property name="java.vendor" value="Oracle Corporation" />
    <property name="file.separator" value="/" />
    <property name="java.vendor.url.bug" value="http://bugreport.sun.com/bugreport/" />
    <property name="sun.cpu.endian" value="little" />
    <property name="sun.io.unicode.encoding" value="UnicodeLittle" />
    <property name="ant.file.type" value="file" />
    <property name="sun.desktop" value="gnome" />
    <property name="sun.cpu.isalist" value="" />
  </properties>
  <error message="com.test.Project" type="java.lang.ClassNotFoundException">java.lang.ClassNotFoundException: com.test.Project
	at java.net.URLClassLoader.findClass(URLClassLoader.java:381)
	at java.lang.ClassLoader.loadClass(ClassLoader.java:424)
	at sun.misc.Launcher$AppClassLoader.loadClass(Launcher.java:331)
	at java.lang.ClassLoader.loadClass(ClassLoader.java:357)
	at java.lang.Class.forName0(Native Method)
	at java.lang.Class.forName(Class.java:264)
</error>
  <system-out><![CDATA[]]></system-out>
  <system-err><![CDATA[]]></system-err>
</testsuite>
